<?xml version="1.0" encoding="utf-8"?><testsuites name="pytest tests"><testsuite name="pytest" errors="0" failures="0" skipped="0" tests="19" time="6.601" timestamp="2026-08-30T12:57:58.790057+00:00" hostname="agent-env-75932ee7-1925-4ddc-bf2a-638cdd4e1797"><testcase classname="backend.tests.test_kemudi" name="test_health" time="0.345" /><testcase classname="backend.tests.test_kemudi" name="test_list_therapists_seeded" time="0.061" /><testcase classname="backend.tests.test_kemudi" name="test_filter_specialty" time="0.061" /><testcase classname="backend.tests.test_kemudi" name="test_filter_language_mode_price_location_q" time="0.058" /><testcase classname="backend.tests.test_kemudi" name="test_get_therapist_by_id" time="0.115" /><testcase classname="backend.tests.test_kemudi" name="test_compare_therapists" time="0.118" /><testcase classname="backend.tests.test_kemudi" name="test_quiz_match_ranks_by_concern" time="0.060" /><testcase classname="backend.tests.test_kemudi" name="test_register_client_and_therapist" time="0.923" /><testcase classname="backend.tests.test_kemudi" name="test_login_seeded_therapist" time="0.439" /><testcase classname="backend.tests.test_kemudi" name="test_auth_me" time="0.475" /><testcase classname="backend.tests.test_kemudi" name="test_auth_me_unauth" time="0.056" /><testcase classname="backend.tests.test_kemudi" name="test_create_referral_public" time="0.145" /><testcase classname="backend.tests.test_kemudi" name="test_portal_profile_requires_auth" time="0.053" /><testcase classname="backend.tests.test_kemudi" name="test_portal_profile_get_and_update" time="0.191" /><testcase classname="backend.tests.test_kemudi" name="test_client_cap_free_tier" time="1.031" /><testcase classname="backend.tests.test_kemudi" name="test_portal_referrals_and_status_update" time="0.302" /><testcase classname="backend.tests.test_kemudi" name="test_portal_summary" time="0.062" /><testcase classname="backend.tests.test_kemudi" name="test_checkout_requires_auth" time="0.077" /><testcase classname="backend.tests.test_kemudi" name="test_checkout_creates_session_and_transaction" time="1.787" /></testsuite></testsuites>